<?xml version="1.0" encoding="UTF-8"?>
<!-- Generated by org.testng.reporters.JUnitReportReporter -->
<testsuite hostname="LAPTOP-RMHFUT4C" failures="0" tests="2" name="coverfoxTest.CoverfoxTC1_ByExcelAndTestNG" time="8.526" errors="0" timestamp="2024-09-16T17:00:17 IST" skipped="0">
  <testcase classname="coverfoxTest.CoverfoxTC1_ByExcelAndTestNG" name="validatePresenceOfSortButton" time="4.299">
    <system-out>
      <![CDATA[validatePresenceOfSortButtonTC execution started
Checking if sortPlanFilter is Displayed
taking screenshot
saving file at locationC:\Users\pranay\eclipse-workspace\CoverfoxProject\screenShot\validatePresenceOfSortButton2024.09.16.17.00.15.png]]>
    </system-out>
  </testcase> <!-- validatePresenceOfSortButton -->
  <testcase classname="coverfoxTest.CoverfoxTC1_ByExcelAndTestNG" name="validateBanners" time="4.227">
    <system-out>
      <![CDATA[validateBannersTC execution started
gettting Plan Numbers From Banners
gettting Plan Numbers From String
taking screenshot
saving file at locationC:\Users\pranay\eclipse-workspace\CoverfoxProject\screenShot\validateBanners2024.09.16.17.00.11.png]]>
    </system-out>
  </testcase> <!-- validateBanners -->
  <system-out>
    <![CDATA[launching Browser
Waiting...
Clicking on gender button
Clicking on next Button
Handeled Age dropDown
Clicking on next Button
Entering pincode
Entering mobile Number
Clicking on next Button
validateBannersTC execution started
gettting Plan Numbers From Banners
gettting Plan Numbers From String
taking screenshot
saving file at locationC:\Users\pranay\eclipse-workspace\CoverfoxProject\screenShot\validateBanners2024.09.16.17.00.11.png
validatePresenceOfSortButtonTC execution started
Checking if sortPlanFilter is Displayed
taking screenshot
saving file at locationC:\Users\pranay\eclipse-workspace\CoverfoxProject\screenShot\validatePresenceOfSortButton2024.09.16.17.00.15.png
closing Browser]]>
  </system-out>
</testsuite> <!-- coverfoxTest.CoverfoxTC1_ByExcelAndTestNG -->
